SF:lib\src\add\presentation\home_add.dart
DA:10,1
DA:12,1
DA:13,1
DA:19,1
DA:21,1
DA:22,1
DA:25,1
DA:26,2
DA:27,2
DA:30,1
DA:31,1
DA:34,1
DA:36,1
DA:38,1
DA:39,1
DA:41,1
DA:43,3
DA:45,1
DA:46,1
DA:47,1
DA:48,1
DA:52,1
DA:54,1
DA:57,1
DA:61,1
DA:73,1
DA:76,0
DA:77,0
DA:83,1
DA:86,0
DA:87,0
DA:93,1
DA:96,0
DA:97,0
DA:103,1
DA:106,0
DA:107,0
DA:122,1
DA:125,0
DA:126,0
DA:132,1
DA:135,0
DA:136,0
DA:151,1
DA:154,0
DA:155,0
DA:161,1
DA:164,0
DA:165,0
DA:171,1
DA:172,0
DA:173,0
DA:175,0
DA:179,0
DA:182,1
DA:186,1
DA:188,1
DA:189,1
DA:206,1
DA:209,1
DA:212,1
DA:213,1
DA:215,1
DA:216,1
DA:233,0
DA:234,0
DA:235,0
DA:239,1
DA:240,1
DA:241,1
DA:243,0
LF:71
LH:47
end_of_record
SF:lib\src\add\presentation\widgets\custom_inkwell.dart
DA:10,1
DA:18,1
DA:20,1
DA:21,1
DA:22,1
DA:24,1
DA:26,1
DA:27,1
DA:33,1
DA:36,1
DA:37,1
DA:38,1
DA:39,1
DA:40,1
DA:46,1
DA:47,1
DA:56,1
DA:57,1
LF:18
LH:18
end_of_record
SF:lib\widgets\custom_appbar.dart
DA:9,2
DA:10,2
DA:12,2
DA:14,2
DA:15,2
DA:16,6
DA:27,2
DA:29,2
DA:31,2
DA:32,4
DA:33,2
DA:36,2
DA:37,2
DA:47,2
DA:50,2
DA:59,2
DA:60,2
DA:61,2
DA:62,5
DA:70,2
DA:71,5
DA:83,2
DA:84,2
DA:85,2
DA:88,2
DA:89,2
DA:91,2
DA:97,2
DA:103,2
DA:106,2
DA:107,2
DA:111,2
DA:112,2
DA:113,1
DA:114,1
DA:116,1
DA:117,1
DA:126,1
DA:129,1
DA:130,1
DA:136,1
DA:139,1
DA:140,1
DA:141,1
DA:142,2
DA:143,0
DA:144,0
DA:146,0
DA:149,0
DA:153,0
DA:159,1
DA:160,7
DA:169,1
DA:174,1
DA:175,1
DA:176,3
DA:184,1
DA:185,3
DA:210,1
DA:211,0
DA:212,0
DA:239,1
DA:240,0
DA:241,0
DA:244,0
DA:245,0
DA:246,0
DA:279,1
DA:280,0
DA:281,0
DA:283,0
DA:287,0
DA:317,3
DA:318,0
DA:319,0
DA:320,0
DA:321,0
DA:322,0
DA:328,2
DA:329,10
LF:80
LH:59
end_of_record
SF:lib\src\catalog\presentation\add_service.dart
DA:12,1
DA:14,1
DA:15,1
DA:32,1
DA:33,3
DA:34,3
DA:37,1
DA:40,1
DA:41,1
DA:42,1
DA:43,1
DA:44,2
DA:46,0
DA:48,0
DA:51,1
DA:58,0
DA:61,0
DA:62,0
DA:63,0
DA:66,0
DA:69,0
DA:70,0
DA:72,0
DA:75,0
DA:79,0
DA:82,0
DA:84,0
DA:85,0
DA:89,0
DA:90,0
DA:91,0
DA:92,0
DA:97,1
DA:103,0
DA:104,0
DA:105,0
DA:107,0
DA:109,0
DA:114,1
DA:115,1
DA:116,1
DA:119,1
DA:121,1
DA:122,1
DA:124,1
DA:125,1
DA:127,1
DA:129,1
DA:130,1
DA:131,1
DA:132,1
DA:133,2
DA:135,1
DA:136,1
DA:137,1
DA:138,1
DA:143,1
DA:144,1
DA:147,1
DA:148,1
DA:149,1
DA:151,1
DA:152,1
DA:153,1
DA:154,3
DA:155,1
DA:157,1
DA:159,1
DA:160,1
DA:161,2
DA:162,1
DA:163,4
DA:166,1
DA:167,1
DA:170,1
DA:171,2
DA:173,1
DA:174,1
DA:176,1
DA:177,1
DA:180,1
DA:181,1
DA:182,1
DA:183,1
DA:184,1
DA:185,1
DA:187,1
DA:188,1
DA:189,1
DA:190,1
DA:195,1
DA:196,1
DA:197,1
DA:198,1
DA:199,1
DA:200,1
DA:201,3
DA:202,1
DA:204,1
DA:206,1
DA:207,1
DA:208,2
DA:209,1
DA:212,1
DA:213,1
DA:217,1
DA:218,1
DA:219,1
DA:220,1
DA:222,1
DA:223,2
DA:229,1
DA:230,1
DA:231,1
DA:238,1
DA:239,1
DA:240,1
DA:241,1
DA:242,1
DA:244,1
DA:245,1
DA:246,0
DA:248,0
DA:249,0
DA:250,0
DA:252,0
DA:253,0
DA:257,1
DA:259,1
DA:260,1
DA:261,1
DA:262,1
DA:264,2
DA:270,1
DA:271,1
DA:273,1
DA:274,1
DA:275,2
DA:276,1
DA:277,1
DA:278,1
DA:280,1
DA:281,1
DA:282,1
DA:286,1
DA:287,1
LF:146
LH:116
end_of_record
SF:lib\src\login\presentation\widgets\input_decoration.dart
DA:4,2
DA:5,2
DA:9,2
DA:13,2
DA:15,2
DA:19,2
DA:25,1
DA:26,1
DA:31,1
DA:35,1
DA:37,1
DA:41,1
DA:45,1
DA:46,1
DA:48,1
LF:15
LH:15
end_of_record
SF:lib\src\home\presentation\pages\home_page.dart
DA:11,1
DA:13,1
DA:14,1
DA:25,1
DA:27,1
DA:28,1
DA:31,1
DA:33,1
DA:34,1
DA:35,2
DA:36,2
DA:38,2
DA:39,1
DA:40,1
DA:41,1
DA:49,1
DA:50,1
DA:51,1
DA:54,1
DA:60,1
DA:61,1
DA:65,0
DA:67,0
DA:69,0
DA:75,0
DA:76,0
DA:78,0
DA:87,1
DA:88,1
DA:92,0
DA:94,0
DA:96,0
DA:102,0
DA:103,0
DA:112,1
DA:113,1
DA:114,1
DA:117,0
DA:118,0
DA:121,1
DA:123,1
DA:125,1
DA:126,1
DA:132,1
DA:133,1
DA:135,1
DA:137,3
DA:139,1
DA:140,1
DA:141,1
DA:142,1
DA:144,1
DA:146,1
DA:148,1
DA:152,1
DA:163,1
DA:167,3
DA:171,1
DA:175,3
DA:179,1
DA:183,3
DA:199,3
DA:204,0
DA:208,0
DA:209,0
DA:210,0
DA:211,0
DA:212,0
DA:213,0
DA:215,0
DA:216,0
DA:217,0
DA:219,0
DA:220,0
DA:225,0
DA:229,0
DA:232,0
DA:233,0
DA:238,0
DA:240,0
DA:246,0
DA:247,0
DA:253,0
DA:254,0
DA:257,0
DA:264,0
DA:265,0
DA:266,0
DA:268,0
DA:269,0
DA:270,0
DA:281,0
DA:282,0
DA:283,0
DA:285,0
DA:287,0
DA:288,0
DA:306,0
DA:313,0
DA:314,0
DA:315,0
DA:316,0
DA:317,0
DA:330,0
DA:332,0
DA:337,0
DA:367,0
DA:368,0
DA:369,0
DA:372,0
DA:373,0
DA:374,0
DA:386,0
DA:387,0
DA:400,0
DA:405,0
DA:406,0
DA:407,0
DA:408,0
DA:409,0
DA:456,1
DA:459,1
DA:460,1
DA:461,1
DA:462,0
DA:463,0
DA:466,1
DA:468,1
DA:471,1
DA:472,1
DA:477,1
DA:480,1
DA:485,1
DA:486,1
DA:489,1
DA:493,1
DA:494,1
DA:501,1
DA:525,1
DA:526,1
DA:528,1
DA:530,1
DA:531,1
DA:536,1
DA:539,1
DA:544,1
DA:545,1
DA:548,1
DA:551,1
DA:552,1
DA:559,1
DA:595,0
DA:596,0
DA:597,0
DA:601,0
DA:603,0
DA:605,0
DA:607,0
DA:609,0
DA:611,0
DA:613,0
DA:615,0
DA:617,0
DA:619,0
DA:621,0
DA:623,0
DA:625,0
DA:632,0
DA:633,0
DA:634,0
DA:636,0
DA:637,0
DA:639,0
DA:640,0
DA:642,0
DA:643,0
DA:645,0
DA:646,0
DA:647,0
DA:650,0
DA:652,0
DA:655,0
DA:656,0
LF:183
LH:78
end_of_record
SF:lib\src\home\presentation\widgets\custom_statics.dart
DA:11,1
DA:20,1
DA:22,1
DA:23,0
DA:24,0
DA:26,1
DA:28,1
DA:30,1
DA:31,1
DA:36,1
DA:38,1
DA:41,1
DA:42,1
DA:45,1
DA:46,1
DA:50,1
DA:51,1
DA:58,1
DA:59,1
DA:61,1
DA:62,1
DA:64,1
DA:65,1
DA:66,1
DA:74,1
DA:75,1
DA:85,1
DA:86,1
LF:28
LH:26
end_of_record
SF:lib\src\scheduling\presentation\view_scheduling.dart
DA:11,0
DA:12,0
DA:13,0
DA:20,0
DA:22,0
DA:23,0
DA:27,0
DA:28,0
DA:29,0
DA:32,0
DA:33,0
DA:39,0
DA:42,0
DA:44,0
DA:50,0
DA:51,0
DA:52,0
DA:53,0
DA:54,0
DA:57,0
DA:58,0
DA:60,0
DA:61,0
DA:65,0
DA:66,0
DA:69,0
DA:73,0
DA:74,0
DA:75,0
DA:78,0
DA:80,0
DA:81,0
DA:83,0
DA:89,0
DA:90,0
DA:93,0
DA:94,0
DA:95,0
DA:98,0
DA:99,0
DA:100,0
DA:102,0
DA:104,0
DA:109,0
DA:112,0
DA:114,0
DA:116,0
DA:118,0
DA:120,0
DA:121,0
DA:122,0
DA:125,0
DA:126,0
DA:128,0
DA:129,0
DA:131,0
DA:132,0
DA:133,0
DA:134,0
DA:135,0
DA:140,0
DA:141,0
DA:143,0
DA:144,0
DA:145,0
DA:146,0
DA:147,0
DA:150,0
DA:151,0
DA:163,0
DA:165,0
DA:166,0
DA:167,0
DA:182,0
DA:183,0
DA:184,0
DA:202,0
DA:211,0
DA:213,0
DA:214,0
DA:215,0
DA:216,0
DA:232,0
DA:235,0
DA:236,0
DA:237,0
DA:239,0
DA:240,0
DA:249,0
DA:257,0
DA:259,0
DA:260,0
DA:261,0
DA:262,0
DA:278,0
DA:281,0
DA:282,0
DA:283,0
DA:293,0
DA:300,0
DA:301,0
DA:302,0
DA:304,0
DA:305,0
DA:306,0
DA:310,0
DA:312,0
DA:316,0
DA:323,0
DA:325,0
DA:329,0
DA:336,0
DA:338,0
DA:342,0
DA:352,0
DA:353,0
DA:355,0
DA:357,0
DA:359,0
DA:363,0
DA:364,0
DA:371,0
DA:373,0
DA:377,0
DA:384,0
DA:386,0
DA:390,0
DA:391,0
DA:393,0
DA:403,0
DA:404,0
DA:405,0
DA:407,0
DA:422,0
DA:424,0
DA:428,0
DA:439,0
DA:440,0
DA:443,0
DA:444,0
DA:445,0
DA:446,0
DA:448,0
DA:451,0
DA:452,0
DA:453,0
DA:454,0
DA:456,0
DA:457,0
DA:458,0
DA:459,0
DA:461,0
LF:152
LH:0
end_of_record
SF:lib\src\login\presentation\pages\login_page.dart
DA:12,2
DA:14,1
DA:15,1
DA:30,1
DA:32,1
DA:34,1
DA:35,1
DA:36,2
DA:38,2
DA:40,1
DA:42,1
DA:44,1
DA:45,1
DA:46,1
DA:48,1
DA:84,1
DA:85,1
DA:87,1
DA:88,1
DA:98,1
DA:99,1
DA:100,1
DA:101,1
DA:103,1
DA:108,1
DA:109,1
DA:111,2
DA:129,1
DA:130,1
DA:131,1
DA:132,1
DA:133,1
DA:135,1
DA:136,2
DA:141,1
DA:142,1
DA:144,2
DA:153,1
DA:157,1
DA:158,1
DA:160,1
DA:170,1
DA:172,1
DA:174,1
DA:175,1
DA:176,2
DA:177,3
DA:178,1
DA:180,0
DA:183,0
DA:185,0
DA:186,0
DA:200,0
DA:201,0
DA:202,0
DA:204,0
DA:230,1
DA:231,0
DA:232,0
DA:274,1
DA:276,1
DA:278,0
DA:279,0
DA:282,0
DA:284,0
DA:286,0
DA:287,0
DA:288,0
DA:290,0
DA:297,0
DA:298,0
DA:299,0
DA:301,0
DA:303,0
DA:304,0
DA:307,0
DA:310,0
DA:311,0
DA:314,0
DA:320,0
DA:321,0
DA:322,0
DA:324,0
DA:326,0
DA:330,0
DA:332,0
DA:333,0
DA:334,0
DA:335,0
DA:337,0
DA:345,1
DA:346,2
DA:347,2
LF:93
LH:54
end_of_record
